Summary of SPARK analysis
=========================

-------------------------------------------------------------------------------------------------------
SPARK Analysis results        Total      Flow   Interval   CodePeer      Provers   Justified   Unproved
-------------------------------------------------------------------------------------------------------
Data Dependencies                 .         .          .          .            .           .          .
Flow Dependencies                 .         .          .          .            .           .          .
Initialization                    .         .          .          .            .           .          .
Non-Aliasing                      .         .          .          .            .           .          .
Run-time Checks                   1         .          .          .     1 (CVC4)           .          .
Assertions                        .         .          .          .            .           .          .
Functional Contracts             13         .          .          .    13 (CVC4)           .          .
LSP Verification                  .         .          .          .            .           .          .
-------------------------------------------------------------------------------------------------------
Total                            14         .          .          .    14 (100%)           .          .


Analyzed 2 units
in unit main, 0 subprograms and packages out of 1 analyzed
  Main at main.adb:4 skipped
in unit submarinesubsystem, 15 subprograms and packages out of 15 analyzed
  SubmarineSubSystem at submarinesubsystem.ads:1 flow analyzed (0 errors, 0 checks and 0 warnings) and proved (0 checks)
  SubmarineSubSystem.ChangeDepth at submarinesubsystem.ads:137 flow analyzed (0 errors, 0 checks and 0 warnings) and proved (2 checks)
  SubmarineSubSystem.D1Close at submarinesubsystem.ads:64 flow analyzed (0 errors, 0 checks and 0 warnings) and proved (1 checks)
  SubmarineSubSystem.D1Lock at submarinesubsystem.ads:78 flow analyzed (0 errors, 0 checks and 0 warnings) and proved (1 checks)
  SubmarineSubSystem.D1Open at submarinesubsystem.ads:92 flow analyzed (0 errors, 0 checks and 0 warnings) and proved (1 checks)
  SubmarineSubSystem.D1Unlock at submarinesubsystem.ads:108 flow analyzed (0 errors, 0 checks and 0 warnings) and proved (1 checks)
  SubmarineSubSystem.D2Close at submarinesubsystem.ads:71 flow analyzed (0 errors, 0 checks and 0 warnings) and proved (1 checks)
  SubmarineSubSystem.D2Lock at submarinesubsystem.ads:85 flow analyzed (0 errors, 0 checks and 0 warnings) and proved (1 checks)
  SubmarineSubSystem.D2Open at submarinesubsystem.ads:100 flow analyzed (0 errors, 0 checks and 0 warnings) and proved (1 checks)
  SubmarineSubSystem.D2Unlock at submarinesubsystem.ads:116 flow analyzed (0 errors, 0 checks and 0 warnings) and proved (1 checks)
  SubmarineSubSystem.DepthMeterCheck at submarinesubsystem.ads:133 flow analyzed (0 errors, 0 checks and 0 warnings) and proved (0 checks)
  SubmarineSubSystem.DiveOrNot at submarinesubsystem.ads:149 flow analyzed (0 errors, 0 checks and 0 warnings) and proved (1 checks)
  SubmarineSubSystem.Resurface at submarinesubsystem.ads:157 flow analyzed (0 errors, 0 checks and 0 warnings) and proved (1 checks)
  SubmarineSubSystem.StartSubmarine at submarinesubsystem.ads:37 flow analyzed (0 errors, 0 checks and 0 warnings) and proved (1 checks)
  SubmarineSubSystem.SubmarineAction at submarinesubsystem.ads:47 flow analyzed (0 errors, 0 checks and 0 warnings) and proved (1 checks)
